<?xml version="1.0" encoding="UTF-8"?>
<!-- Generated by org.testng.reporters.JUnitReportReporter -->
<testsuite hostname="ASHISH_SARODE" failures="0" tests="1" name="testngDemoPK1.DemoClass2" time="0.029" errors="0" timestamp="2022-09-26T20:13:35 IST" skipped="0">
  <testcase classname="testngDemoPK1.DemoClass2" name="method2" time="0.029"/>
  <system-out/>
</testsuite> <!-- testngDemoPK1.DemoClass2 -->
