<?xml version="1.0" encoding="UTF-8"?>
<!-- Generated by org.testng.reporters.JUnitReportReporter -->
<testsuite hostname="ASHISH_SARODE" failures="0" tests="1" name="testngDemoPK1.DemoClass1" time="0.034" errors="0" timestamp="2022-09-30T13:00:16 IST" skipped="0">
  <testcase classname="testngDemoPK1.DemoClass1" name="MethodB" time="0.034"/>
  <system-out/>
</testsuite> <!-- testngDemoPK1.DemoClass1 -->
