<?xml version="1.0" encoding="UTF-8"?>
<!-- Generated by org.testng.reporters.JUnitReportReporter -->
<testsuite hostname="ASHISH_SARODE" failures="0" tests="1" name="testngDemoPK2.DemoClass5" time="0.004" errors="0" timestamp="2022-09-26T20:13:35 IST" skipped="0">
  <testcase classname="testngDemoPK2.DemoClass5" name="method5" time="0.004"/>
  <system-out/>
</testsuite> <!-- testngDemoPK2.DemoClass5 -->
